<?xml version="1.0" encoding="UTF-8"?>
<testng-results total="1" passed="1" failed="0" skipped="0">
  <reporter-output>
  </reporter-output>
  <suite started-at="2021-03-15T21:31:42Z" name="Default suite" finished-at="2021-03-15T21:31:47Z" duration-ms="5116">
    <groups>
    </groups>
    <test started-at="2021-03-15T21:31:42Z" name="Default test" finished-at="2021-03-15T21:31:47Z" duration-ms="5116">
      <class name="com.demoQA.pages.ElementsWebTableTest">
        <test-method is-config="true" signature="setupSuite()[pri:0, instance:com.demoQA.pages.ElementsWebTableTest@272113c4]" started-at="2021-03-15T17:31:42Z" name="setupSuite" finished-at="2021-03-15T17:31:42Z" duration-ms="367" status="PASS">
          <reporter-output>
          </reporter-output>
        </test-method> <!-- setupSuite -->
        <test-method is-config="true" signature="setup()[pri:0, instance:com.demoQA.pages.ElementsWebTableTest@272113c4]" started-at="2021-03-15T17:31:42Z" name="setup" finished-at="2021-03-15T17:31:46Z" duration-ms="3724" status="PASS">
          <reporter-output>
          </reporter-output>
        </test-method> <!-- setup -->
        <test-method signature="checkName()[pri:0, instance:com.demoQA.pages.ElementsWebTableTest@272113c4]" started-at="2021-03-15T17:31:46Z" name="checkName" finished-at="2021-03-15T17:31:47Z" duration-ms="747" status="PASS">
          <reporter-output>
          </reporter-output>
        </test-method> <!-- checkName -->
        <test-method is-config="true" signature="teardownMethod(org.testng.ITestResult)[pri:0, instance:com.demoQA.pages.ElementsWebTableTest@272113c4]" started-at="2021-03-15T17:31:47Z" name="teardownMethod" finished-at="2021-03-15T17:31:47Z" duration-ms="0" status="PASS">
          <params>
            <param index="0">
              <value>
                <![CDATA[[TestResult name=checkName status=SUCCESS method=ElementsWebTableTest.checkName()[pri:0, instance:com.demoQA.pages.ElementsWebTableTest@272113c4] output={null}]]]>
              </value>
            </param>
          </params>
          <reporter-output>
          </reporter-output>
        </test-method> <!-- teardownMethod -->
        <test-method is-config="true" signature="endTest()[pri:0, instance:com.demoQA.pages.ElementsWebTableTest@272113c4]" started-at="2021-03-15T17:31:47Z" name="endTest" finished-at="2021-03-15T17:31:47Z" duration-ms="637" status="PASS">
          <reporter-output>
          </reporter-output>
        </test-method> <!-- endTest -->
      </class> <!-- com.demoQA.pages.ElementsWebTableTest -->
    </test> <!-- Default test -->
  </suite> <!-- Default suite -->
</testng-results>
