<?xml version="1.0" encoding="UTF-8"?>
<!-- Generated by org.testng.reporters.JUnitXMLReporter -->
<testsuite hostname="LAPTOP-U6U3L30R" failures="0" tests="5" name="TestSprint1" time="19.734" errors="0" timestamp="25 Mar 2021 15:56:38 GMT">
  <testcase classname="com.demoQA.pages.ElementsCheckBoxTest" name="verifyCheckBox" time="0.323"/>
  <testcase classname="com.demoQA.pages.ElementsPageTest" name="fillText" time="1.386"/>
  <testcase classname="com.demoQA.pages.HomePageTest" name="testElementsClick" time="0.112"/>
  <testcase classname="com.demoQA.pages.HomePageTest" name="testFormsClick" time="0.086"/>
  <testcase classname="com.demoQA.pages.HomePageTest" name="testFrameClick" time="0.093"/>
</testsuite> <!-- TestSprint1 -->
