<?xml version="1.0" encoding="UTF-8"?>
<testng-results skipped="0" failed="0" total="1" passed="1">
  <reporter-output>
  </reporter-output>
  <suite name="Default suite" duration-ms="20358" started-at="2021-03-02T23:45:54Z" finished-at="2021-03-02T23:46:14Z">
    <groups>
    </groups>
    <test name="Default test" duration-ms="20358" started-at="2021-03-02T23:45:54Z" finished-at="2021-03-02T23:46:14Z">
      <class name="demoQA.HomePage">
        <test-method status="PASS" signature="homePagestart()[pri:0, instance:demoQA.HomePage@67e2d983]" name="homePagestart" is-config="true" duration-ms="7516" started-at="2021-03-02T18:45:54Z" finished-at="2021-03-02T18:46:01Z">
          <reporter-output>
          </reporter-output>
        </test-method> <!-- homePagestart -->
        <test-method status="PASS" signature="elementsStartcheck()[pri:0, instance:demoQA.HomePage@67e2d983]" name="elementsStartcheck" duration-ms="11788" started-at="2021-03-02T18:46:01Z" finished-at="2021-03-02T18:46:13Z">
          <reporter-output>
          </reporter-output>
        </test-method> <!-- elementsStartcheck -->
        <test-method status="PASS" signature="tearDown()[pri:0, instance:demoQA.HomePage@67e2d983]" name="tearDown" is-config="true" duration-ms="1037" started-at="2021-03-02T18:46:13Z" finished-at="2021-03-02T18:46:14Z">
          <reporter-output>
          </reporter-output>
        </test-method> <!-- tearDown -->
      </class> <!-- demoQA.HomePage -->
    </test> <!-- Default test -->
  </suite> <!-- Default suite -->
</testng-results>
