<?xml version="1.0" encoding="UTF-8"?>
<testng-results total="2" passed="2" failed="0" skipped="0">
  <reporter-output>
  </reporter-output>
  <suite started-at="2021-01-28T20:09:11Z" name="Default suite" finished-at="2021-01-28T20:09:24Z" duration-ms="12450">
    <groups>
    </groups>
    <test started-at="2021-01-28T20:09:11Z" name="Default test" finished-at="2021-01-28T20:09:24Z" duration-ms="12450">
      <class name="com.amz.qa.test.HomePageTest">
        <test-method is-config="true" signature="setup()[pri:0, instance:com.amz.qa.test.HomePageTest@6a47b187]" started-at="2021-01-28T15:09:11Z" name="setup" finished-at="2021-01-28T15:09:16Z" duration-ms="4581" status="PASS">
          <reporter-output>
          </reporter-output>
        </test-method> <!-- setup -->
        <test-method signature="HomePageTitleTest()[pri:0, instance:com.amz.qa.test.HomePageTest@6a47b187]" started-at="2021-01-28T15:09:16Z" name="HomePageTitleTest" finished-at="2021-01-28T15:09:16Z" duration-ms="34" status="PASS">
          <reporter-output>
          </reporter-output>
        </test-method> <!-- HomePageTitleTest -->
        <test-method is-config="true" signature="tearDown()[pri:0, instance:com.amz.qa.test.HomePageTest@6a47b187]" started-at="2021-01-28T15:09:16Z" name="tearDown" finished-at="2021-01-28T15:09:16Z" duration-ms="718" status="PASS">
          <reporter-output>
          </reporter-output>
        </test-method> <!-- tearDown -->
        <test-method is-config="true" signature="setup()[pri:0, instance:com.amz.qa.test.HomePageTest@6a47b187]" started-at="2021-01-28T15:09:16Z" name="setup" finished-at="2021-01-28T15:09:19Z" duration-ms="3072" status="PASS">
          <reporter-output>
          </reporter-output>
        </test-method> <!-- setup -->
        <test-method signature="searchItem()[pri:0, instance:com.amz.qa.test.HomePageTest@6a47b187]" started-at="2021-01-28T15:09:19Z" name="searchItem" finished-at="2021-01-28T15:09:23Z" duration-ms="3351" status="PASS">
          <reporter-output>
          </reporter-output>
        </test-method> <!-- searchItem -->
        <test-method is-config="true" signature="tearDown()[pri:0, instance:com.amz.qa.test.HomePageTest@6a47b187]" started-at="2021-01-28T15:09:23Z" name="tearDown" finished-at="2021-01-28T15:09:24Z" duration-ms="673" status="PASS">
          <reporter-output>
          </reporter-output>
        </test-method> <!-- tearDown -->
      </class> <!-- com.amz.qa.test.HomePageTest -->
    </test> <!-- Default test -->
  </suite> <!-- Default suite -->
</testng-results>
