<?xml version="1.0" encoding="UTF-8"?>
<!-- Generated by org.testng.reporters.JUnitXMLReporter -->
<testsuite hostname="LAPTOP-U6U3L30R" failures="0" tests="3" name="Default test" time="9.076" errors="0" timestamp="22 Jun 2021 02:53:20 GMT">
  <testcase classname="com.demoQA.pages.HomePageTest" name="testElementsClick" time="0.14"/>
  <testcase classname="com.demoQA.pages.HomePageTest" name="testFormsClick" time="0.106"/>
  <testcase classname="com.demoQA.pages.HomePageTest" name="testFrameClick" time="0.101"/>
</testsuite> <!-- Default test -->
